WIIIVideo/build/outputs/apk/manifest-merger-debug-report.txt
-- Merging decision tree log ---
manifest
ADDED from AndroidManifest.xml:2:1
	xmlns:tools
		ADDED from AndroidManifest.xml:3:5
	xmlns:android
		ADDED from AndroidManifest.xml:2:11
	package
		ADDED from AndroidManifest.xml:4:5
	android:versionName
		ADDED from AndroidManifest.xml:6:5
	android:versionCode
		ADDED from AndroidManifest.xml:5:5
		INJECTED from AndroidManifest.xml:0:0
		INJECTED from AndroidManifest.xml:0:0
uses-sdk
ADDED from AndroidManifest.xml:8:5
MERGED from MoYou-Video:commonlib:unspecified:7:5
MERGED from MoYou-Video:vitamio:unspecified:7:5
	android:targetSdkVersion
		ADDED from AndroidManifest.xml:10:9
	android:minSdkVersion
		ADDED from AndroidManifest.xml:9:9
uses-permission#android.permission.WAKE_LOCK
ADDED from AndroidManifest.xml:12:5
	android:name
		ADDED from AndroidManifest.xml:12:22
uses-permission#android.permission.INTERNET
ADDED from AndroidManifest.xml:13:5
	android:name
		ADDED from AndroidManifest.xml:13:22
uses-permission#android.permission.ACCESS_NETWORK_STATE
ADDED from AndroidManifest.xml:14:5
	android:name
		ADDED from AndroidManifest.xml:14:22
uses-permission#android.permission.READ_PHONE_STATE
ADDED from AndroidManifest.xml:15:5
	android:name
		ADDED from AndroidManifest.xml:15:22
uses-permission#android.permission.WRITE_EXTERNAL_STORAGE
ADDED from AndroidManifest.xml:16:5
	android:name
		ADDED from AndroidManifest.xml:16:22
application
ADDED from AndroidManifest.xml:18:5
MERGED from MoYou-Video:vitamio:unspecified:11:5
	android:label
		ADDED from AndroidManifest.xml:23:9
		REJECTED from MoYou-Video:vitamio:unspecified:13:9
	android:allowBackup
		ADDED from AndroidManifest.xml:21:9
	android:icon
		ADDED from AndroidManifest.xml:22:9
	android:theme
		ADDED from AndroidManifest.xml:24:9
	tools:replace
		ADDED from AndroidManifest.xml:20:9
	android:name
		ADDED from AndroidManifest.xml:19:9
activity#com.dennytech.wiiivideo.HomeActivity
ADDED from AndroidManifest.xml:25:9
	android:label
		ADDED from AndroidManifest.xml:27:13
	android:name
		ADDED from AndroidManifest.xml:26:13
intent-filter#android.intent.action.MAIN+android.intent.category.LAUNCHER
ADDED from AndroidManifest.xml:28:13
action#android.intent.action.MAIN
ADDED from AndroidManifest.xml:29:17
	android:name
		ADDED from AndroidManifest.xml:29:25
category#android.intent.category.LAUNCHER
ADDED from AndroidManifest.xml:31:17
	android:name
		ADDED from AndroidManifest.xml:31:27
activity#com.dennytech.wiiivideo.player.PlayerActivity
ADDED from AndroidManifest.xml:34:9
	android:screenOrientation
		ADDED from AndroidManifest.xml:36:13
	android:theme
		ADDED from AndroidManifest.xml:37:13
	android:name
		ADDED from AndroidManifest.xml:35:13
intent-filter#android.intent.action.VIEW+android.intent.category.BROWSABLE+android.intent.category.DEFAULT
ADDED from AndroidManifest.xml:38:13
action#android.intent.action.VIEW
ADDED from AndroidManifest.xml:39:17
	android:name
		ADDED from AndroidManifest.xml:39:25
category#android.intent.category.BROWSABLE
ADDED from AndroidManifest.xml:41:17
	android:name
		ADDED from AndroidManifest.xml:41:27
category#android.intent.category.DEFAULT
ADDED from AndroidManifest.xml:42:17
	android:name
		ADDED from AndroidManifest.xml:42:27
data
ADDED from AndroidManifest.xml:44:17
	android:host
		ADDED from AndroidManifest.xml:45:21
	android:scheme
		ADDED from AndroidManifest.xml:46:21
activity#com.dennytech.wiiivideo.more.AboutActivity
ADDED from AndroidManifest.xml:49:9
	android:screenOrientation
		ADDED from AndroidManifest.xml:51:13
	android:name
		ADDED from AndroidManifest.xml:50:13
activity#com.dennytech.wiiivideo.playlist.UserPlaylistActivity
ADDED from AndroidManifest.xml:63:9
	android:screenOrientation
		ADDED from AndroidManifest.xml:65:13
	android:name
		ADDED from AndroidManifest.xml:64:13
activity#io.vov.vitamio.activity.InitActivity
ADDED from AndroidManifest.xml:77:9
MERGED from MoYou-Video:vitamio:unspecified:14:9
	android:windowSoftInputMode
		ADDED from AndroidManifest.xml:83:13
	android:screenOrientation
		ADDED from AndroidManifest.xml:81:13
	android:configChanges
		ADDED from AndroidManifest.xml:79:13
	android:theme
		ADDED from AndroidManifest.xml:82:13
	android:name
		ADDED from AndroidManifest.xml:78:13
	android:launchMode
		ADDED from AndroidManifest.xml:80:13
meta-data#UMENG_APPKEY
ADDED from AndroidManifest.xml:85:9
	android:name
		ADDED from AndroidManifest.xml:86:13
	android:value
		ADDED from AndroidManifest.xml:87:13
meta-data#UMENG_CHANNEL
ADDED from AndroidManifest.xml:89:9
	android:name
		ADDED from AndroidManifest.xml:90:13
	android:value
		ADDED from AndroidManifest.xml:91:13
service#com.umeng.common.net.DownloadingService
ADDED from AndroidManifest.xml:94:9
	android:process
		ADDED from AndroidManifest.xml:96:13
	android:name
		ADDED from AndroidManifest.xml:95:13
activity#com.umeng.update.UpdateDialogActivity
ADDED from AndroidManifest.xml:99:9
	android:theme
		ADDED from AndroidManifest.xml:101:13
	android:name
		ADDED from AndroidManifest.xml:100:13